=/pretest.json
{
  _: [],
  f: [
    '/home/runner/work/exp-linked-lists-iiith/exp-linked-lists-iiith/experiment/pretest.json'
  ],
  files: [
    '/home/runner/work/exp-linked-lists-iiith/exp-linked-lists-iiith/experiment/pretest.json'
  ],
  c: 'assessment',
  contentTypes: 'assessment',
  'content-types': 'assessment',
  '$0': 'validate'
}
/questions/2/difficulty: Difficulty can only be: beginner, intermediate or advanced

Json Error: must match "then" schema
Json Error: must match "then" schema
Failed while validating /home/runner/work/exp-linked-lists-iiith/exp-linked-lists-iiith/experiment/pretest.json
Error: Schema is Invalid
=/singly-linked-list/singly-linked-list-quiz.json
{
  _: [],
  f: [
    '/home/runner/work/exp-linked-lists-iiith/exp-linked-lists-iiith/experiment/singly-linked-list/singly-linked-list-quiz.json'
  ],
  files: [
    '/home/runner/work/exp-linked-lists-iiith/exp-linked-lists-iiith/experiment/singly-linked-list/singly-linked-list-quiz.json'
  ],
  c: 'assessment',
  contentTypes: 'assessment',
  'content-types': 'assessment',
  '$0': 'validate'
}
Validated true
=/doubly-linked-list/doubly-linked-list-quiz.json
{
  _: [],
  f: [
    '/home/runner/work/exp-linked-lists-iiith/exp-linked-lists-iiith/experiment/doubly-linked-list/doubly-linked-list-quiz.json'
  ],
  files: [
    '/home/runner/work/exp-linked-lists-iiith/exp-linked-lists-iiith/experiment/doubly-linked-list/doubly-linked-list-quiz.json'
  ],
  c: 'assessment',
  contentTypes: 'assessment',
  'content-types': 'assessment',
  '$0': 'validate'
}
Validated true
=/circular-linked-list/circular-linked-list-quiz.json
{
  _: [],
  f: [
    '/home/runner/work/exp-linked-lists-iiith/exp-linked-lists-iiith/experiment/circular-linked-list/circular-linked-list-quiz.json'
  ],
  files: [
    '/home/runner/work/exp-linked-lists-iiith/exp-linked-lists-iiith/experiment/circular-linked-list/circular-linked-list-quiz.json'
  ],
  c: 'assessment',
  contentTypes: 'assessment',
  'content-types': 'assessment',
  '$0': 'validate'
}
Validated true
=/posttest.json
{
  _: [],
  f: [
    '/home/runner/work/exp-linked-lists-iiith/exp-linked-lists-iiith/experiment/posttest.json'
  ],
  files: [
    '/home/runner/work/exp-linked-lists-iiith/exp-linked-lists-iiith/experiment/posttest.json'
  ],
  c: 'assessment',
  contentTypes: 'assessment',
  'content-types': 'assessment',
  '$0': 'validate'
}
Validated true
