feedback.html     http://outreach.vlabs.ac.in/
further-reading-and-references.html     http://outreach.vlabs.ac.in/
index.html     http://outreach.vlabs.ac.in/
overview.html     http://outreach.vlabs.ac.in/
performance-report.html     http://vlab.co.in
posttest.html     http://outreach.vlabs.ac.in/
pretest.html     http://outreach.vlabs.ac.in/
validator-report.html     http://vlab.co.in
basics/index.html     http://outreach.vlabs.ac.in/
basics/overview.html     http://outreach.vlabs.ac.in/
doubly-linked-list/dll-introduction.html     http://outreach.vlabs.ac.in/
doubly-linked-list/doubly-linked-list-quiz.html     http://outreach.vlabs.ac.in/
doubly-linked-list/index.html     http://outreach.vlabs.ac.in/
circular-linked-list/cll-introduction.html     http://outreach.vlabs.ac.in/
circular-linked-list/circular-linked-list-quiz.html     http://outreach.vlabs.ac.in/
circular-linked-list/index.html     http://outreach.vlabs.ac.in/
singly-linked-list/index.html     http://outreach.vlabs.ac.in/
singly-linked-list/singly-linked-list-quiz.html     http://outreach.vlabs.ac.in/
singly-linked-list/sll-introduction-deletion.html     http://outreach.vlabs.ac.in/
singly-linked-list/sll-introduction-insertion.html     http://outreach.vlabs.ac.in/
doubly-linked-list/simulation/docs/index.html     http://validator.w3.org/check?uri=referer
doubly-linked-list/simulation/docs/sitemap.html     http://validator.w3.org/check?uri=referer
circular-linked-list/simulation/docs/index.html     http://validator.w3.org/check?uri=referer
circular-linked-list/simulation/docs/sitemap.html     http://validator.w3.org/check?uri=referer
singly-linked-list/simulation/docs/index.html     http://validator.w3.org/check?uri=referer
singly-linked-list/simulation/docs/sitemap.html     http://validator.w3.org/check?uri=referer
doubly-linked-list/simulation/docs/docs/buildingblocks.html     http://validator.w3.org/check?uri=referer
doubly-linked-list/simulation/docs/docs/singly-linkedlist.html     http://validator.w3.org/check?uri=referer
doubly-linked-list/simulation/docs/org-templates/level-0.html     http://validator.w3.org/check?uri=referer
doubly-linked-list/simulation/docs/org-templates/level-1.html     http://validator.w3.org/check?uri=referer
doubly-linked-list/simulation/docs/org-templates/level-2.html     http://validator.w3.org/check?uri=referer
doubly-linked-list/simulation/docs/org-templates/level-3.html     http://validator.w3.org/check?uri=referer
doubly-linked-list/simulation/docs/org-templates/level-4.html     http://validator.w3.org/check?uri=referer
doubly-linked-list/simulation/docs/org-templates/level-5.html     http://validator.w3.org/check?uri=referer
doubly-linked-list/simulation/docs/org-templates/tex-macros.html     http://validator.w3.org/check?uri=referer
doubly-linked-list/simulation/docs/runtime/realization.html     http://validator.w3.org/check?uri=referer
circular-linked-list/simulation/docs/docs/buildingblocks.html     http://validator.w3.org/check?uri=referer
circular-linked-list/simulation/docs/docs/singly-linkedlist.html     http://validator.w3.org/check?uri=referer
circular-linked-list/simulation/docs/runtime/realization.html     http://validator.w3.org/check?uri=referer
circular-linked-list/simulation/docs/org-templates/level-0.html     http://validator.w3.org/check?uri=referer
circular-linked-list/simulation/docs/org-templates/level-1.html     http://validator.w3.org/check?uri=referer
circular-linked-list/simulation/docs/org-templates/level-2.html     http://validator.w3.org/check?uri=referer
circular-linked-list/simulation/docs/org-templates/level-3.html     http://validator.w3.org/check?uri=referer
circular-linked-list/simulation/docs/org-templates/level-4.html     http://validator.w3.org/check?uri=referer
circular-linked-list/simulation/docs/org-templates/level-5.html     http://validator.w3.org/check?uri=referer
circular-linked-list/simulation/docs/org-templates/tex-macros.html     http://validator.w3.org/check?uri=referer
singly-linked-list/simulation/docs/docs/buildingblocks.html     http://validator.w3.org/check?uri=referer
singly-linked-list/simulation/docs/docs/singly-linkedlist.html     http://validator.w3.org/check?uri=referer
singly-linked-list/simulation/docs/runtime/realization.html     http://validator.w3.org/check?uri=referer
singly-linked-list/simulation/docs/org-templates/level-0.html     http://validator.w3.org/check?uri=referer
singly-linked-list/simulation/docs/org-templates/level-1.html     http://validator.w3.org/check?uri=referer
singly-linked-list/simulation/docs/org-templates/level-3.html     http://validator.w3.org/check?uri=referer
singly-linked-list/simulation/docs/org-templates/level-4.html     http://validator.w3.org/check?uri=referer
singly-linked-list/simulation/docs/org-templates/level-2.html     http://validator.w3.org/check?uri=referer
singly-linked-list/simulation/docs/org-templates/level-5.html     http://validator.w3.org/check?uri=referer
singly-linked-list/simulation/docs/org-templates/tex-macros.html     http://validator.w3.org/check?uri=referer
doubly-linked-list/simulation/docs/runtime/css/styles_css.html     http://validator.w3.org/check?uri=referer
doubly-linked-list/simulation/docs/runtime/js/cllexercise-js.html     http://validator.w3.org/check?uri=referer
doubly-linked-list/simulation/docs/runtime/js/cllpractice-js.html     http://validator.w3.org/check?uri=referer
doubly-linked-list/simulation/docs/runtime/js/dllexercise-js.html     http://validator.w3.org/check?uri=referer
doubly-linked-list/simulation/docs/runtime/js/dllpractice-js.html     http://validator.w3.org/check?uri=referer
doubly-linked-list/simulation/docs/runtime/js/sllexercise-js.html     http://validator.w3.org/check?uri=referer
doubly-linked-list/simulation/docs/runtime/js/sllpractice-js.html     http://validator.w3.org/check?uri=referer
doubly-linked-list/simulation/docs/runtime/html/cllexercise-html.html     http://validator.w3.org/check?uri=referer
doubly-linked-list/simulation/docs/runtime/html/cllpractice-html.html     http://validator.w3.org/check?uri=referer
doubly-linked-list/simulation/docs/runtime/html/dllexercise-html.html     http://validator.w3.org/check?uri=referer
doubly-linked-list/simulation/docs/runtime/html/dllpractice-html.html     http://validator.w3.org/check?uri=referer
doubly-linked-list/simulation/docs/runtime/html/sllexercise-html.html     http://validator.w3.org/check?uri=referer
doubly-linked-list/simulation/docs/runtime/html/sllpractice-html.html     http://validator.w3.org/check?uri=referer
circular-linked-list/simulation/docs/runtime/css/styles_css.html     http://validator.w3.org/check?uri=referer
circular-linked-list/simulation/docs/runtime/js/cllexercise-js.html     http://validator.w3.org/check?uri=referer
circular-linked-list/simulation/docs/runtime/js/cllpractice-js.html     http://validator.w3.org/check?uri=referer
circular-linked-list/simulation/docs/runtime/js/dllexercise-js.html     http://validator.w3.org/check?uri=referer
circular-linked-list/simulation/docs/runtime/js/dllpractice-js.html     http://validator.w3.org/check?uri=referer
circular-linked-list/simulation/docs/runtime/js/sllexercise-js.html     http://validator.w3.org/check?uri=referer
circular-linked-list/simulation/docs/runtime/js/sllpractice-js.html     http://validator.w3.org/check?uri=referer
circular-linked-list/simulation/docs/runtime/html/cllexercise-html.html     http://validator.w3.org/check?uri=referer
circular-linked-list/simulation/docs/runtime/html/dllexercise-html.html     http://validator.w3.org/check?uri=referer
circular-linked-list/simulation/docs/runtime/html/cllpractice-html.html     http://validator.w3.org/check?uri=referer
circular-linked-list/simulation/docs/runtime/html/dllpractice-html.html     http://validator.w3.org/check?uri=referer
circular-linked-list/simulation/docs/runtime/html/sllexercise-html.html     http://validator.w3.org/check?uri=referer
circular-linked-list/simulation/docs/runtime/html/sllpractice-html.html     http://validator.w3.org/check?uri=referer
singly-linked-list/simulation/docs/runtime/css/styles_css.html     http://validator.w3.org/check?uri=referer
singly-linked-list/simulation/docs/runtime/js/cllexercise-js.html     http://validator.w3.org/check?uri=referer
singly-linked-list/simulation/docs/runtime/js/cllpractice-js.html     http://validator.w3.org/check?uri=referer
singly-linked-list/simulation/docs/runtime/js/dllexercise-js.html     http://validator.w3.org/check?uri=referer
singly-linked-list/simulation/docs/runtime/js/dllpractice-js.html     http://validator.w3.org/check?uri=referer
singly-linked-list/simulation/docs/runtime/js/sllexercise-js.html     http://validator.w3.org/check?uri=referer
singly-linked-list/simulation/docs/runtime/js/sllpractice-js.html     http://validator.w3.org/check?uri=referer
singly-linked-list/simulation/docs/runtime/html/cllexercise-html.html     http://validator.w3.org/check?uri=referer
singly-linked-list/simulation/docs/runtime/html/cllpractice-html.html     http://validator.w3.org/check?uri=referer
singly-linked-list/simulation/docs/runtime/html/dllexercise-html.html     http://validator.w3.org/check?uri=referer
singly-linked-list/simulation/docs/runtime/html/dllpractice-html.html     http://validator.w3.org/check?uri=referer
singly-linked-list/simulation/docs/runtime/html/sllexercise-html.html     http://validator.w3.org/check?uri=referer
singly-linked-list/simulation/docs/runtime/html/sllpractice-html.html     http://validator.w3.org/check?uri=referer
